<?xml version="1.0" encoding="UTF-8"?>
<!-- Generated by org.testng.reporters.JUnitReportReporter -->
<testsuite skipped="0" hostname="DESKTOP-8S1AVJB" name="humanity_tests.LoginTest" tests="3" failures="0" timestamp="2019-12-03T18:20:30 CET" time="50.653" errors="0">
  <testcase name="basicLogin" time="35.564" classname="humanity_tests.LoginTest"/>
  <testcase name="dashboardTest" time="0.199" classname="humanity_tests.LoginTest"/>
  <testcase name="addEmployeeTest" time="14.890" classname="humanity_tests.LoginTest"/>
</testsuite> <!-- humanity_tests.LoginTest -->
